[debug] [2020-04-12T07:39:31.818Z] ----------------------------------------------------------------------
[debug] [2020-04-12T07:39:31.823Z] Command:       C:\Program Files\nodejs\node.exe C:\Users\User\AppData\Roaming\npm\node_modules\firebase-tools\lib\bin\firebase.js init
[debug] [2020-04-12T07:39:31.824Z] CLI Version:   8.0.2
[debug] [2020-04-12T07:39:31.824Z] Platform:      win32
[debug] [2020-04-12T07:39:31.824Z] Node Version:  v12.16.0
[debug] [2020-04-12T07:39:31.827Z] Time:          Sun Apr 12 2020 12:39:31 GMT+0500 (GMT+05:00)
[debug] [2020-04-12T07:39:31.827Z] ----------------------------------------------------------------------
[debug] [2020-04-12T07:39:31.828Z] 
[debug] [2020-04-12T07:39:31.839Z] > command requires scopes: ["email","openid","https://www.googleapis.com/auth/cloudplatformprojects.readonly","https://www.googleapis.com/auth/firebase","https://www.googleapis.com/auth/cloud-platform"]
[debug] [2020-04-12T07:39:31.840Z] > authorizing via signed-in user
[info] 
     ######## #### ########  ######## ########     ###     ######  ########
     ##        ##  ##     ## ##       ##     ##  ##   ##  ##       ##
     ######    ##  ########  ######   ########  #########  ######  ######
     ##        ##  ##    ##  ##       ##     ## ##     ##       ## ##
     ##       #### ##     ## ######## ########  ##     ##  ######  ########

You're about to initialize a Firebase project in this directory:

  C:\Users\User\Documents\www\budget-app\budget-app

[info] 
=== Project Setup
[info] 
[info] First, let's associate this project directory with a Firebase project.
[info] You can create multiple project aliases by running firebase use --add, 
[info] but for now we'll just set up a default project.
[info] 
[info] i  If you want to create a project in a Google Cloud organization or folder, please use "firebase projects:create" instead, and return to this command when you've created the project.
